<?xml version="1.0" encoding="UTF-8"?>
<!-- Generated by org.testng.reporters.JUnitReportReporter -->
<testsuite skipped="0" hostname="CSPABOUSSELHAMI" name="testing.gittest.AppTest" tests="1" failures="0" timestamp="22 mars 2018 12:00:37 GMT" time="9.414" errors="0">
  <testcase name="tutoTest" time="9.414" classname="testing.gittest.AppTest"/>
</testsuite> <!-- testing.gittest.AppTest -->
