<?xml version="1.0" encoding="UTF-8"?>
<!-- Generated by org.testng.reporters.JUnitReportReporter -->
<testsuite skipped="14" hostname="CSPABOUSSELHAMI" name="elastic.searchTest.AppTest" tests="15" failures="0" timestamp="23 mars 2018 11:40:09 GMT" time="88.540" errors="0">
  <testcase name="Test_SC_VOD" time="88.540" classname="elastic.searchTest.AppTest"/>
  <testcase name="Test_SC_Sport_Tt_Res" classname="elastic.searchTest.AppTest">
    <skipped/>
  </testcase> <!-- Test_SC_Sport_Tt_Res -->
  <testcase name="Test_SC_Music" classname="elastic.searchTest.AppTest">
    <skipped/>
  </testcase> <!-- Test_SC_Music -->
  <testcase name="Test_SC_Sport" classname="elastic.searchTest.AppTest">
    <skipped/>
  </testcase> <!-- Test_SC_Sport -->
  <testcase name="Test_SC_Club" classname="elastic.searchTest.AppTest">
    <skipped/>
  </testcase> <!-- Test_SC_Club -->
  <testcase name="Test_SC_Renseignement" classname="elastic.searchTest.AppTest">
    <skipped/>
  </testcase> <!-- Test_SC_Renseignement -->
  <testcase name="Test_SC_Boutique" classname="elastic.searchTest.AppTest">
    <skipped/>
  </testcase> <!-- Test_SC_Boutique -->
  <testcase name="Test_SC_ChaineTV" classname="elastic.searchTest.AppTest">
    <skipped/>
  </testcase> <!-- Test_SC_ChaineTV -->
  <testcase name="Test_SC_GuideTV" classname="elastic.searchTest.AppTest">
    <skipped/>
  </testcase> <!-- Test_SC_GuideTV -->
  <testcase name="Test_SC_Top14" classname="elastic.searchTest.AppTest">
    <skipped/>
  </testcase> <!-- Test_SC_Top14 -->
  <testcase name="Test_SC_Tendance" classname="elastic.searchTest.AppTest">
    <skipped/>
  </testcase> <!-- Test_SC_Tendance -->
  <testcase name="Test_SC_Jeux" classname="elastic.searchTest.AppTest">
    <skipped/>
  </testcase> <!-- Test_SC_Jeux -->
  <testcase name="Test_SC_Film" classname="elastic.searchTest.AppTest">
    <skipped/>
  </testcase> <!-- Test_SC_Film -->
  <testcase name="Test_SC_Album" classname="elastic.searchTest.AppTest">
    <skipped/>
  </testcase> <!-- Test_SC_Album -->
  <testcase name="Test_SC_Meteo" classname="elastic.searchTest.AppTest">
    <skipped/>
  </testcase> <!-- Test_SC_Meteo -->
</testsuite> <!-- elastic.searchTest.AppTest -->
